<?xml version="1.0" encoding="UTF-8"?>
<!-- Generated by org.testng.reporters.JUnitReportReporter -->
<testsuite hostname="TYSS-Akash-Deb" failures="0" tests="6" name="testNG.InvocationCount" time="0.012" errors="0" timestamp="2023-12-02T16:52:06 IST" skipped="0">
  <testcase classname="testNG.InvocationCount" name="a" time="0.002"/>
  <testcase classname="testNG.InvocationCount" name="c" time="0.002"/>
  <testcase classname="testNG.InvocationCount" name="d" time="0.001"/>
  <testcase classname="testNG.InvocationCount" name="b" time="0.002"/>
  <testcase classname="testNG.InvocationCount" name="b" time="0.002"/>
  <testcase classname="testNG.InvocationCount" name="b" time="0.003"/>
</testsuite> <!-- testNG.InvocationCount -->
