<?xml version="1.0" encoding="UTF-8"?>
<!-- Generated by org.testng.reporters.JUnitReportReporter -->
<testsuite hostname="TYSS-Akash-Deb" failures="0" tests="3" name="testNG.CrossBrowser" time="20.460" errors="0" timestamp="2023-12-04T11:25:31 IST" skipped="0">
  <testcase classname="testNG.CrossBrowser" name="facebookTest" time="5.567"/>
  <testcase classname="testNG.CrossBrowser" name="facebookTest" time="4.851"/>
  <testcase classname="testNG.CrossBrowser" name="facebookTest" time="10.042"/>
</testsuite> <!-- testNG.CrossBrowser -->
