<?xml version="1.0" encoding="UTF-8"?>
<!-- Generated by org.testng.reporters.JUnitReportReporter -->
<testsuite hostname="TYSS-Akash-Deb" failures="0" tests="1" name="basicTestScript.DemoClass1" time="0.002" errors="0" timestamp="2023-12-06T11:22:22 IST" skipped="0">
  <testcase classname="basicTestScript.DemoClass1" name="testCase2" time="0.002"/>
</testsuite> <!-- basicTestScript.DemoClass1 -->
