<?xml version="1.0" encoding="UTF-8"?>
<!-- Generated by org.testng.reporters.JUnitReportReporter -->
<testsuite hostname="TYSS-Akash-Deb" failures="0" tests="1" name="testNG.GoogleTest" time="6.259" errors="0" timestamp="2023-12-04T10:51:03 IST" skipped="0">
  <testcase classname="testNG.GoogleTest" name="googleTest" time="6.259"/>
</testsuite> <!-- testNG.GoogleTest -->
