<?xml version="1.0" encoding="UTF-8"?>
<!-- Generated by org.testng.reporters.JUnitReportReporter -->
<testsuite hostname="TYSS-Akash-Deb" failures="0" tests="1" name="basicTestScript.DemoClass2" time="0.011" errors="0" timestamp="2023-12-06T11:22:22 IST" skipped="0">
  <testcase classname="basicTestScript.DemoClass2" name="testCase3" time="0.011"/>
</testsuite> <!-- basicTestScript.DemoClass2 -->
