<?xml version="1.0" encoding="UTF-8"?>
<!-- Generated by org.testng.reporters.JUnitReportReporter -->
<testsuite hostname="TYSS-Akash-Deb" failures="0" tests="1" name="testNG.BaseClass" time="0.006" errors="0" timestamp="2023-12-05T10:27:05 IST" skipped="0">
  <testcase classname="testNG.BaseClass" name="testCase" time="0.006"/>
</testsuite> <!-- testNG.BaseClass -->
