<?xml version="1.0" encoding="UTF-8"?>
<!-- Generated by org.testng.reporters.JUnitReportReporter -->
<testsuite hostname="TYSS-Akash-Deb" failures="0" tests="5" name="testNG.DataProvider" time="0.022" errors="0" timestamp="2023-12-02T16:11:13 IST" skipped="0">
  <testcase classname="testNG.DataProvider" name="food" time="0.012"/>
  <testcase classname="testNG.DataProvider" name="food" time="0.003"/>
  <testcase classname="testNG.DataProvider" name="food" time="0.003"/>
  <testcase classname="testNG.DataProvider" name="food" time="0.002"/>
  <testcase classname="testNG.DataProvider" name="food" time="0.002"/>
</testsuite> <!-- testNG.DataProvider -->
