<?xml version="1.0" encoding="UTF-8"?>
<!-- Generated by org.testng.reporters.JUnitReportReporter -->
<testsuite hostname="TYSS-Akash-Deb" failures="0" tests="4" name="testNG.Priority" time="0.009" errors="0" timestamp="2023-12-02T16:52:06 IST" skipped="0">
  <testcase classname="testNG.Priority" name="a" time="0.002"/>
  <testcase classname="testNG.Priority" name="c" time="0.002"/>
  <testcase classname="testNG.Priority" name="d" time="0.003"/>
  <testcase classname="testNG.Priority" name="b" time="0.002"/>
</testsuite> <!-- testNG.Priority -->
