<?xml version="1.0" encoding="UTF-8"?>
<!-- Generated by org.testng.reporters.JUnitReportReporter -->
<testsuite hostname="TYSS-Akash-Deb" failures="0" tests="4" name="testNG.DataProviderTest" time="0.014" errors="0" timestamp="2023-12-02T16:53:13 IST" skipped="0">
  <testcase classname="testNG.DataProviderTest" name="food" time="0.002"/>
  <testcase classname="testNG.DataProviderTest" name="food" time="0.002"/>
  <testcase classname="testNG.DataProviderTest" name="food" time="0.001"/>
  <testcase classname="testNG.DataProviderTest" name="food" time="0.009"/>
</testsuite> <!-- testNG.DataProviderTest -->
