<?xml version="1.0" encoding="UTF-8"?>
<!-- Generated by org.testng.reporters.JUnitReportReporter -->
<testsuite hostname="TYSS-Akash-Deb" failures="0" tests="1" name="testNG.FacebookTest" time="5.632" errors="0" timestamp="2023-12-04T10:51:03 IST" skipped="0">
  <testcase classname="testNG.FacebookTest" name="facebookvTest" time="5.632"/>
</testsuite> <!-- testNG.FacebookTest -->
