<?xml version="1.0" encoding="UTF-8"?>
<!-- Generated by org.testng.reporters.JUnitReportReporter -->
<testsuite hostname="TYSS-Akash-Deb" failures="0" tests="4" name="testNG.DisableTestScript" time="0.007" errors="0" timestamp="2023-12-02T16:53:13 IST" skipped="1">
  <testcase classname="testNG.DisableTestScript" name="a" time="0.003"/>
  <testcase classname="testNG.DisableTestScript" name="c" time="0.002"/>
  <testcase classname="testNG.DisableTestScript" name="b" time="0.002"/>
  <testcase classname="testNG.DisableTestScript" name="d">
    <skipped/>
  </testcase> <!-- d -->
</testsuite> <!-- testNG.DisableTestScript -->
