<?xml version="1.0" encoding="UTF-8"?>
<!-- Generated by org.testng.reporters.JUnitReportReporter -->
<testsuite hostname="TYSS-Akash-Deb" failures="0" tests="5" name="testNG.Group" time="0.018" errors="0" timestamp="2023-12-02T16:53:13 IST" skipped="0">
  <testcase classname="testNG.Group" name="education" time="0.003"/>
  <testcase classname="testNG.Group" name="goVacation" time="0.005"/>
  <testcase classname="testNG.Group" name="wearCloths" time="0.004"/>
  <testcase classname="testNG.Group" name="eatFood" time="0.004"/>
  <testcase classname="testNG.Group" name="buyCar" time="0.002"/>
</testsuite> <!-- testNG.Group -->
